This is pdfTeX, Version 3.14159265-2.6-1.40.21 (MiKTeX 20.12) (preloaded format=pdflatex 2021.1.16)  23 JAN 2021 12:54
entering extended mode
**./Untitled.tex
(Untitled.tex
LaTeX2e <2020-10-01> patch level 4
L3 programming layer <2021-01-09> xparse <2020-03-03>
("C:\Program Files\MiKTeX\tex/latex/base\article.cls"
Document Class: article 2020/04/10 v1.4m Standard LaTeX document class
("C:\Program Files\MiKTeX\tex/latex/base\size10.clo"
File: size10.clo 2020/04/10 v1.4m Standard LaTeX file (size option)
)
\c@part=\count177
\c@section=\count178
\c@subsection=\count179
\c@subsubsection=\count180
\c@paragraph=\count181
\c@subparagraph=\count182
\c@figure=\count183
\c@table=\count184
\abovecaptionskip=\skip47
\belowcaptionskip=\skip48
\bibindent=\dimen138
)
("C:\Program Files\MiKTeX\tex/latex/base\inputenc.sty"
Package: inputenc 2020/08/01 v1.3d Input encoding file
\inpenc@prehook=\toks15
\inpenc@posthook=\toks16
)
("C:\Program Files\MiKTeX\tex/latex/amsfonts\amssymb.sty"
Package: amssymb 2013/01/14 v3.01 AMS font symbols

("C:\Program Files\MiKTeX\tex/latex/amsfonts\amsfonts.sty"
Package: amsfonts 2013/01/14 v3.01 Basic AMSFonts support
\@emptytoks=\toks17
\symAMSa=\mathgroup4
\symAMSb=\mathgroup5
LaTeX Font Info:    Redeclaring math symbol \hbar on input line 98.
LaTeX Font Info:    Overwriting math alphabet `\mathfrak' in version `bold'
(Font)                  U/euf/m/n --> U/euf/b/n on input line 106.
))
("C:\Program Files\MiKTeX\tex/latex/graphics\color.sty"
Package: color 2020/02/24 v1.2b Standard LaTeX Color (DPC)

("C:\Program Files\MiKTeX\tex/latex/graphics-cfg\color.cfg"
File: color.cfg 2016/01/02 v1.6 sample color configuration
)
Package color Info: Driver file: pdftex.def on input line 147.

("C:\Program Files\MiKTeX\tex/latex/graphics-def\pdftex.def"
File: pdftex.def 2020/10/05 v1.2a Graphics/color driver for pdftex
))
("C:\Program Files\MiKTeX\tex/latex/amsmath\amsmath.sty"
Package: amsmath 2020/09/23 v2.17i AMS math features
\@mathmargin=\skip49

For additional information on amsmath, use the `?' option.
("C:\Program Files\MiKTeX\tex/latex/amsmath\amstext.sty"
Package: amstext 2000/06/29 v2.01 AMS text

("C:\Program Files\MiKTeX\tex/latex/amsmath\amsgen.sty"
File: amsgen.sty 1999/11/30 v2.0 generic functions
\@emptytoks=\toks18
\ex@=\dimen139
))
("C:\Program Files\MiKTeX\tex/latex/amsmath\amsbsy.sty"
Package: amsbsy 1999/11/29 v1.2d Bold Symbols
\pmbraise@=\dimen140
)
("C:\Program Files\MiKTeX\tex/latex/amsmath\amsopn.sty"
Package: amsopn 2016/03/08 v2.02 operator names
)
\inf@bad=\count185
LaTeX Info: Redefining \frac on input line 234.
\uproot@=\count186
\leftroot@=\count187
LaTeX Info: Redefining \overline on input line 399.
\classnum@=\count188
\DOTSCASE@=\count189
LaTeX Info: Redefining \ldots on input line 496.
LaTeX Info: Redefining \dots on input line 499.
LaTeX Info: Redefining \cdots on input line 620.
\Mathstrutbox@=\box47
\strutbox@=\box48
\big@size=\dimen141
LaTeX Font Info:    Redeclaring font encoding OML on input line 743.
LaTeX Font Info:    Redeclaring font encoding OMS on input line 744.
\macc@depth=\count190
\c@MaxMatrixCols=\count191
\dotsspace@=\muskip16
\c@parentequation=\count192
\dspbrk@lvl=\count193
\tag@help=\toks19
\row@=\count194
\column@=\count195
\maxfields@=\count196
\andhelp@=\toks20
\eqnshift@=\dimen142
\alignsep@=\dimen143
\tagshift@=\dimen144
\tagwidth@=\dimen145
\totwidth@=\dimen146
\lineht@=\dimen147
\@envbody=\toks21
\multlinegap=\skip50
\multlinetaggap=\skip51
\mathdisplay@stack=\toks22
LaTeX Info: Redefining \[ on input line 2923.
LaTeX Info: Redefining \] on input line 2924.
)
("D:/Program Files/R-4.0.2/share/texmf/tex/latex\Sweave.sty"
Package: Sweave 

("C:\Program Files\MiKTeX\tex/latex/base\ifthen.sty"
Package: ifthen 2014/09/29 v1.1c Standard LaTeX ifthen package (DPC)
)
("C:\Program Files\MiKTeX\tex/latex/graphics\graphicx.sty"
Package: graphicx 2020/09/09 v1.2b Enhanced LaTeX Graphics (DPC,SPQR)

("C:\Program Files\MiKTeX\tex/latex/graphics\keyval.sty"
Package: keyval 2014/10/28 v1.15 key=value parser (DPC)
\KV@toks@=\toks23
)
("C:\Program Files\MiKTeX\tex/latex/graphics\graphics.sty"
Package: graphics 2020/08/30 v1.4c Standard LaTeX Graphics (DPC,SPQR)

("C:\Program Files\MiKTeX\tex/latex/graphics\trig.sty"
Package: trig 2016/01/03 v1.10 sin cos tan (DPC)
)
("C:\Program Files\MiKTeX\tex/latex/graphics-cfg\graphics.cfg"
File: graphics.cfg 2016/06/04 v1.11 sample graphics configuration
)
Package graphics Info: Driver file: pdftex.def on input line 105.
)
\Gin@req@height=\dimen148
\Gin@req@width=\dimen149
)
("C:\Program Files\MiKTeX\tex/latex/fancyvrb\fancyvrb.sty"
Package: fancyvrb 2020/05/03 v3.6 verbatim text (tvz,hv)
\FV@CodeLineNo=\count197
\FV@InFile=\read2
\FV@TabBox=\box49
\c@FancyVerbLine=\count198
\FV@StepNumber=\count199
\FV@OutFile=\write3
)
("C:\Program Files\MiKTeX\tex/latex/base\textcomp.sty"
Package: textcomp 2020/02/02 v2.0n Standard LaTeX package
)
("C:\Program Files\MiKTeX\tex/latex/base\fontenc.sty"
Package: fontenc 2020/08/10 v2.0s Standard LaTeX package
)
("C:\Program Files\MiKTeX\tex/latex/ae\ae.sty"
Package: ae 2001/02/12 1.3 Almost European Computer Modern

("C:\Program Files\MiKTeX\tex/latex/base\fontenc.sty"
Package: fontenc 2020/08/10 v2.0s Standard LaTeX package
)))
("C:\Program Files\MiKTeX\tex/latex/latex-tools\enumerate.sty"
Package: enumerate 2015/07/23 v3.00 enumerate extensions (DPC)
\@enLab=\toks24
)
("C:\Program Files\MiKTeX\tex/latex/hyperref\hyperref.sty"
Package: hyperref 2020-05-15 v7.00e Hypertext links for LaTeX

("C:\Program Files\MiKTeX\tex/generic/ltxcmds\ltxcmds.sty"
Package: ltxcmds 2020-05-10 v1.25 LaTeX kernel commands for general use (HO)
)
("C:\Program Files\MiKTeX\tex/generic/iftex\iftex.sty"
Package: iftex 2020/03/06 v1.0d TeX engine tests
)
("C:\Program Files\MiKTeX\tex/generic/pdftexcmds\pdftexcmds.sty"
Package: pdftexcmds 2020-06-27 v0.33 Utility functions of pdfTeX for LuaTeX (HO
)

("C:\Program Files\MiKTeX\tex/generic/infwarerr\infwarerr.sty"
Package: infwarerr 2019/12/03 v1.5 Providing info/warning/error messages (HO)
)
Package pdftexcmds Info: \pdf@primitive is available.
Package pdftexcmds Info: \pdf@ifprimitive is available.
Package pdftexcmds Info: \pdfdraftmode found.
)
("C:\Program Files\MiKTeX\tex/generic/kvsetkeys\kvsetkeys.sty"
Package: kvsetkeys 2019/12/15 v1.18 Key value parser (HO)
)
("C:\Program Files\MiKTeX\tex/generic/kvdefinekeys\kvdefinekeys.sty"
Package: kvdefinekeys 2019-12-19 v1.6 Define keys (HO)
)
("C:\Program Files\MiKTeX\tex/generic/pdfescape\pdfescape.sty"
Package: pdfescape 2019/12/09 v1.15 Implements pdfTeX's escape features (HO)
)
("C:\Program Files\MiKTeX\tex/latex/hycolor\hycolor.sty"
Package: hycolor 2020-01-27 v1.10 Color options for hyperref/bookmark (HO)
)
("C:\Program Files\MiKTeX\tex/latex/letltxmacro\letltxmacro.sty"
Package: letltxmacro 2019/12/03 v1.6 Let assignment for LaTeX macros (HO)
)
("C:\Program Files\MiKTeX\tex/latex/auxhook\auxhook.sty"
Package: auxhook 2019-12-17 v1.6 Hooks for auxiliary files (HO)
)
("C:\Program Files\MiKTeX\tex/latex/kvoptions\kvoptions.sty"
Package: kvoptions 2020-10-07 v3.14 Key value format for package options (HO)
)
\@linkdim=\dimen150
\Hy@linkcounter=\count266
\Hy@pagecounter=\count267

("C:\Program Files\MiKTeX\tex/latex/hyperref\pd1enc.def"
File: pd1enc.def 2020-05-15 v7.00e Hyperref: PDFDocEncoding definition (HO)
Now handling font encoding PD1 ...
... no UTF-8 mapping file for font encoding PD1
)
("C:\Program Files\MiKTeX\tex/generic/intcalc\intcalc.sty"
Package: intcalc 2019/12/15 v1.3 Expandable calculations with integers (HO)
)
("C:\Program Files\MiKTeX\tex/generic/etexcmds\etexcmds.sty"
Package: etexcmds 2019/12/15 v1.7 Avoid name clashes with e-TeX commands (HO)
)
\Hy@SavedSpaceFactor=\count268
Package hyperref Info: Hyper figures OFF on input line 4464.
Package hyperref Info: Link nesting OFF on input line 4469.
Package hyperref Info: Hyper index ON on input line 4472.
Package hyperref Info: Plain pages OFF on input line 4479.
Package hyperref Info: Backreferencing OFF on input line 4484.
Package hyperref Info: Implicit mode ON; LaTeX internals redefined.
Package hyperref Info: Bookmarks ON on input line 4717.
\c@Hy@tempcnt=\count269

("C:\Program Files\MiKTeX\tex/latex/url\url.sty"
\Urlmuskip=\muskip17
Package: url 2013/09/16  ver 3.4  Verb mode for urls, etc.
)
LaTeX Info: Redefining \url on input line 5076.
\XeTeXLinkMargin=\dimen151

("C:\Program Files\MiKTeX\tex/generic/bitset\bitset.sty"
Package: bitset 2019/12/09 v1.3 Handle bit-vector datatype (HO)

("C:\Program Files\MiKTeX\tex/generic/bigintcalc\bigintcalc.sty"
Package: bigintcalc 2019/12/15 v1.5 Expandable calculations on big integers (HO
)
))
\Fld@menulength=\count270
\Field@Width=\dimen152
\Fld@charsize=\dimen153
Package hyperref Info: Hyper figures OFF on input line 6347.
Package hyperref Info: Link nesting OFF on input line 6352.
Package hyperref Info: Hyper index ON on input line 6355.
Package hyperref Info: backreferencing OFF on input line 6362.
Package hyperref Info: Link coloring OFF on input line 6367.
Package hyperref Info: Link coloring with OCG OFF on input line 6372.
Package hyperref Info: PDF/A mode OFF on input line 6377.
LaTeX Info: Redefining \ref on input line 6417.
LaTeX Info: Redefining \pageref on input line 6421.

("C:\Program Files\MiKTeX\tex/latex/base\atbegshi-ltx.sty"
Package: atbegshi-ltx 2020/08/17 v1.0a Emulation of the original atbegshi packa
ge
with kernel methods
)
\Hy@abspage=\count271
\c@Item=\count272
\c@Hfootnote=\count273
)
Package hyperref Info: Driver (autodetected): hpdftex.

("C:\Program Files\MiKTeX\tex/latex/hyperref\hpdftex.def"
File: hpdftex.def 2020-05-15 v7.00e Hyperref driver for pdfTeX

("C:\Program Files\MiKTeX\tex/latex/base\atveryend-ltx.sty"
Package: atveryend-ltx 2020/08/19 v1.0a Emulation of the original atvery packag
e
with kernel methods
)
\Fld@listcount=\count274
\c@bookmark@seq@number=\count275

("C:\Program Files\MiKTeX\tex/latex/rerunfilecheck\rerunfilecheck.sty"
Package: rerunfilecheck 2019/12/05 v1.9 Rerun checks for auxiliary files (HO)

("C:\Program Files\MiKTeX\tex/generic/uniquecounter\uniquecounter.sty"
Package: uniquecounter 2019/12/15 v1.4 Provide unlimited unique counter (HO)
)
Package uniquecounter Info: New unique counter `rerunfilecheck' on input line 2
86.
)
\Hy@SectionHShift=\skip52
)
("C:\Program Files\MiKTeX\tex/latex/geometry\geometry.sty"
Package: geometry 2020/01/02 v5.9 Page Geometry

("C:\Program Files\MiKTeX\tex/generic/iftex\ifvtex.sty"
Package: ifvtex 2019/10/25 v1.7 ifvtex legacy package. Use iftex instead.
)
\Gm@cnth=\count276
\Gm@cntv=\count277
\c@Gm@tempcnt=\count278
\Gm@bindingoffset=\dimen154
\Gm@wd@mp=\dimen155
\Gm@odd@mp=\dimen156
\Gm@even@mp=\dimen157
\Gm@layoutwidth=\dimen158
\Gm@layoutheight=\dimen159
\Gm@layouthoffset=\dimen160
\Gm@layoutvoffset=\dimen161
\Gm@dimlist=\toks25

("C:\Program Files\MiKTeX\tex/latex/geometry\geometry.cfg"))
("C:\Program Files\MiKTeX\tex/latex/was\gensymb.sty"
Package: gensymb 2003/07/02 v1.0 (WaS)
)
("C:\Program Files\MiKTeX\tex/latex/siunitx\siunitx.sty"
("C:\Program Files\MiKTeX\tex/latex/l3kernel\expl3.sty"
Package: expl3 2021-01-09 L3 programming layer (loader) 

("C:\Program Files\MiKTeX\tex/latex/l3backend\l3backend-pdftex.def"
File: l3backend-pdftex.def 2021-01-09 L3 backend support: PDF output (pdfTeX)
\l__kernel_color_stack_int=\count279
\l__pdf_internal_box=\box50
))
("C:\Program Files\MiKTeX\tex/latex/l3packages/xparse\xparse.sty"
Package: xparse 2020-10-27 L3 Experimental document command parser

("C:\Program Files\MiKTeX\tex/latex/l3packages/xparse\xparse-generic.tex"))
Package: siunitx 2020/02/25 v2.8b A comprehensive (SI) units package

("C:\Program Files\MiKTeX\tex/latex/latex-tools\array.sty"
Package: array 2020/10/01 v2.5c Tabular extension package (FMi)
\col@sep=\dimen162
\ar@mcellbox=\box51
\extrarowheight=\dimen163
\NC@list=\toks26
\extratabsurround=\skip53
\backup@length=\skip54
\ar@cellbox=\box52
)
("C:\Program Files\MiKTeX\tex/latex/l3packages/l3keys2e\l3keys2e.sty"
Package: l3keys2e 2020-10-27 LaTeX2e option processing using LaTeX3 keys
)
\l__siunitx_tmp_box=\box53
\l__siunitx_tmp_dim=\dimen164
\l__siunitx_tmp_int=\count280
\l__siunitx_number_mantissa_length_int=\count281
\l__siunitx_number_uncert_length_int=\count282
\l__siunitx_round_int=\count283
\l__siunitx_process_decimal_int=\count284
\l__siunitx_process_uncertainty_int=\count285
\l__siunitx_process_fixed_int=\count286
\l__siunitx_process_integer_min_int=\count287
\l__siunitx_process_precision_int=\count288
\l__siunitx_group_min_int=\count289
\l__siunitx_angle_marker_box=\box54
\l__siunitx_angle_unit_box=\box55
\l__siunitx_angle_marker_dim=\dimen165
\l__siunitx_angle_unit_dim=\dimen166
\l__siunitx_unit_int=\count290
\l__siunitx_unit_denominator_int=\count291
\l__siunitx_unit_numerator_int=\count292
\l__siunitx_unit_prefix_int=\count293
\l__siunitx_unit_prefix_base_int=\count294
\l__siunitx_unit_prefix_gram_int=\count295
\l__siunitx_number_product_int=\count296
\c__siunitx_one_fill_skip=\skip55
\l__siunitx_table_unit_align_skip=\skip56
\l__siunitx_table_exponent_dim=\dimen167
\l__siunitx_table_integer_dim=\dimen168
\l__siunitx_table_mantissa_dim=\dimen169
\l__siunitx_table_marker_dim=\dimen170
\l__siunitx_table_result_dim=\dimen171
\l__siunitx_table_uncert_dim=\dimen172
\l__siunitx_table_fill_pre_dim=\dimen173
\l__siunitx_table_fill_post_dim=\dimen174
\l__siunitx_table_fill_mid_dim=\dimen175
\l__siunitx_table_pre_box=\box56
\l__siunitx_table_post_box=\box57
\l__siunitx_table_mantissa_box=\box58
\l__siunitx_table_result_box=\box59
\l__siunitx_table_number_align_skip=\skip57
\l__siunitx_table_text_align_skip=\skip58

("C:\Program Files\MiKTeX\tex/latex/translator\translator.sty"
Package: translator 2020-08-03 v1.12c Easy translation of strings in LaTeX
))
("C:\Program Files\MiKTeX\tex/latex/wrapfig\wrapfig.sty"
\wrapoverhang=\dimen176
\WF@size=\dimen177
\c@WF@wrappedlines=\count297
\WF@box=\box60
\WF@everypar=\toks27
Package: wrapfig 2003/01/31  v 3.6
)
("C:\Program Files\MiKTeX\tex/latex/lipsum\lipsum.sty"
Package: lipsum 2019/01/02 v2.2 150 paragraphs of Lorem Ipsum dummy text

("C:\Program Files\MiKTeX\tex/latex/lipsum\lipsum.ltd.tex"
File: lipsum.ltd.tex 2019/01/02 v2.2 The Lorem ipsum dummy text
))
("C:\Program Files\MiKTeX\tex/latex/float\float.sty"
Package: float 2001/11/08 v1.3d Float enhancements (AL)
\c@float@type=\count298
\float@exts=\toks28
\float@box=\box61
\@float@everytoks=\toks29
\@floatcapt=\box62
)
LaTeX Font Info:    Trying to load font information for T1+aer on input line 31
.

("C:\Program Files\MiKTeX\tex/latex/ae\t1aer.fd"
File: t1aer.fd 1997/11/16 Font definitions for T1/aer.
) (Untitled.aux)
\openout1 = `Untitled.aux'.

LaTeX Font Info:    Checking defaults for OML/cmm/m/it on input line 31.
LaTeX Font Info:    ... okay on input line 31.
LaTeX Font Info:    Checking defaults for OMS/cmsy/m/n on input line 31.
LaTeX Font Info:    ... okay on input line 31.
LaTeX Font Info:    Checking defaults for OT1/cmr/m/n on input line 31.
LaTeX Font Info:    ... okay on input line 31.
LaTeX Font Info:    Checking defaults for T1/cmr/m/n on input line 31.
LaTeX Font Info:    ... okay on input line 31.
LaTeX Font Info:    Checking defaults for TS1/cmr/m/n on input line 31.
LaTeX Font Info:    ... okay on input line 31.
LaTeX Font Info:    Checking defaults for OMX/cmex/m/n on input line 31.
LaTeX Font Info:    ... okay on input line 31.
LaTeX Font Info:    Checking defaults for U/cmr/m/n on input line 31.
LaTeX Font Info:    ... okay on input line 31.
LaTeX Font Info:    Checking defaults for PD1/pdf/m/n on input line 31.
LaTeX Font Info:    ... okay on input line 31.

("C:\Program Files\MiKTeX\tex/context/base/mkii\supp-pdf.mkii"
[Loading MPS to PDF converter (version 2006.09.02).]
\scratchcounter=\count299
\scratchdimen=\dimen178
\scratchbox=\box63
\nofMPsegments=\count300
\nofMParguments=\count301
\everyMPshowfont=\toks30
\MPscratchCnt=\count302
\MPscratchDim=\dimen179
\MPnumerator=\count303
\makeMPintoPDFobject=\count304
\everyMPtoPDFconversion=\toks31
) ("C:\Program Files\MiKTeX\tex/latex/epstopdf-pkg\epstopdf-base.sty"
Package: epstopdf-base 2020-01-24 v2.11 Base part for package epstopdf
Package epstopdf-base Info: Redefining graphics rule for `.eps' on input line 4
85.
)
Package hyperref Info: Link coloring OFF on input line 31.

("C:\Program Files\MiKTeX\tex/latex/hyperref\nameref.sty"
Package: nameref 2019/09/16 v2.46 Cross-referencing by name of section

("C:\Program Files\MiKTeX\tex/latex/refcount\refcount.sty"
Package: refcount 2019/12/15 v3.6 Data extraction from label references (HO)
)
("C:\Program Files\MiKTeX\tex/generic/gettitlestring\gettitlestring.sty"
Package: gettitlestring 2019/12/15 v1.6 Cleanup title references (HO)
)
\c@section@level=\count305
)
LaTeX Info: Redefining \ref on input line 31.
LaTeX Info: Redefining \pageref on input line 31.
LaTeX Info: Redefining \nameref on input line 31.

(Untitled.out) (Untitled.out)
\@outlinefile=\write4
\openout4 = `Untitled.out'.


*geometry* driver: auto-detecting
*geometry* detected driver: pdftex
*geometry* verbose mode - [ preamble ] result:
* driver: pdftex
* paper: <default>
* layout: <same size as paper>
* layoutoffset:(h,v)=(0.0pt,0.0pt)
* modes: 
* h-part:(L,W,R)=(36.135pt, 542.02501pt, 36.135pt)
* v-part:(T,H,B)=(36.135pt, 722.7pt, 36.135pt)
* \paperwidth=614.295pt
* \paperheight=794.96999pt
* \textwidth=542.02501pt
* \textheight=722.7pt
* \oddsidemargin=-36.135pt
* \evensidemargin=-36.135pt
* \topmargin=-73.135pt
* \headheight=12.0pt
* \headsep=25.0pt
* \topskip=10.0pt
* \footskip=30.0pt
* \marginparwidth=65.0pt
* \marginparsep=11.0pt
* \columnsep=10.0pt
* \skip\footins=9.0pt plus 4.0pt minus 2.0pt
* \hoffset=0.0pt
* \voffset=0.0pt
* \mag=1000
* \@twocolumnfalse
* \@twosidefalse
* \@mparswitchfalse
* \@reversemarginfalse
* (1in=72.27pt=25.4mm, 1cm=28.453pt)

\symgns@font=\mathgroup6
LaTeX Font Info:    Overwriting symbol font `gns@font' in version `bold'
(Font)                  TS1/aer/m/n --> TS1/aer/b/n on input line 31.
Package gensymb Info: Math companion symbols declared on input line 31.
LaTeX Info: Redefining \degree on input line 31.
LaTeX Info: Redefining \celsius on input line 31.
Package gensymb Info: Using text companion symbols for \degree, \celsius and \p
erthousand on input line 31.
LaTeX Info: Redefining \ohm on input line 31.
Package gensymb Info: Using \textohm for \ohm on input line 31.
Package gensymb Info: Using \textmu for \micro on input line 31.
("C:\Program Files\MiKTeX\tex/latex/siunitx\siunitx-abbreviations.cfg"
File: siunitx-abbreviations.cfg 2017/11/26 v2.7k siunitx: Abbreviated units
)
("C:\Program Files\MiKTeX\tex/latex/translator\translator-basic-dictionary-Engl
ish.dict"
Dictionary: translator-basic-dictionary, Language: English 
)
LaTeX Font Info:    Trying to load font information for U+msa on input line 31.

 ("C:\Program Files\MiKTeX\tex/latex/amsfonts\umsa.fd"
File: umsa.fd 2013/01/14 v3.01 AMS symbols A
)
LaTeX Font Info:    Trying to load font information for U+msb on input line 31.


("C:\Program Files\MiKTeX\tex/latex/amsfonts\umsb.fd"
File: umsb.fd 2013/01/14 v3.01 AMS symbols B
)
LaTeX Font Info:    Trying to load font information for TS1+aer on input line 3
1.

("D:/Program Files/R-4.0.2/share/texmf/tex/latex\ts1aer.fd"
File: ts1aer.fd 
)
LaTeX Font Info:    Font shape `TS1/aer/m/n' in size <10> not available
(Font)              Font shape `TS1/cmr/m/n' tried instead on input line 31.
LaTeX Font Info:    Font shape `TS1/aer/m/n' in size <7> not available
(Font)              Font shape `TS1/cmr/m/n' tried instead on input line 31.
LaTeX Font Info:    Font shape `TS1/aer/m/n' in size <5> not available
(Font)              Font shape `TS1/cmr/m/n' tried instead on input line 31.

(Untitled-concordance.tex)
LaTeX Font Info:    Font shape `TS1/aer/m/n' in size <12> not available
(Font)              Font shape `TS1/cmr/m/n' tried instead on input line 35.
LaTeX Font Info:    Font shape `TS1/aer/m/n' in size <8> not available
(Font)              Font shape `TS1/cmr/m/n' tried instead on input line 35.
LaTeX Font Info:    Font shape `TS1/aer/m/n' in size <6> not available
(Font)              Font shape `TS1/cmr/m/n' tried instead on input line 35.

Overfull \hbox (9.93036pt too wide) in paragraph at lines 40--41
[]\T1/aer/m/it/10 Ja, nizej pod-pisany(na) wlas-norecznym pod-pisem deklaruje, 
ze przy-go-towalem(lam) przed-staw-iony do oceny pro-jekt samodziel-
 []

(Untitled.toc)
\tf@toc=\write5
\openout5 = `Untitled.toc'.

 [1

{C:/Users/Dzmitry/AppData/Local/MiKTeX/pdftex/config/pdftex.map}]
<Untitled-002.pdf, id=152, 433.62pt x 433.62pt>
File: Untitled-002.pdf Graphic file (type pdf)
<use Untitled-002.pdf>
Package pdftex.def Info: Untitled-002.pdf  used on input line 60.
(pdftex.def)             Requested size: 433.62166pt x 433.6454pt.
 [2pdfTeX warning (ext4): destination with the same identifier (name{figure.1})
 has been already used, duplicate ignored
<argument> ...shipout:D \box_use:N \l_shipout_box 
                                                  
l.77 
      <./Untitled-002.pdf>]
LaTeX Font Info:    Trying to load font information for T1+aett on input line 8
2.
 ("C:\Program Files\MiKTeX\tex/latex/ae\t1aett.fd"
File: t1aett.fd 1997/11/16 Font definitions for T1/aett.
)
<Untitled-003.pdf, id=170, 433.62pt x 433.62pt>
File: Untitled-003.pdf Graphic file (type pdf)
<use Untitled-003.pdf>
Package pdftex.def Info: Untitled-003.pdf  used on input line 104.
(pdftex.def)             Requested size: 433.62166pt x 433.6454pt.

[3]
LaTeX Font Info:    Trying to load font information for TS1+aett on input line 
115.
 ("D:/Program Files/R-4.0.2/share/texmf/tex/latex\ts1aett.fd"
File: ts1aett.fd 
)
LaTeX Font Info:    Trying to load font information for TS1+cmtt on input line 
115.

("C:\Program Files\MiKTeX\tex/latex/base\ts1cmtt.fd"
File: ts1cmtt.fd 2019/12/16 v2.5j Standard LaTeX font definitions
)
LaTeX Font Info:    Font shape `TS1/aett/m/sl' in size <10> not available
(Font)              Font shape `TS1/cmtt/m/sl' tried instead on input line 115.

<Untitled-005.pdf, id=178, 433.62pt x 433.62pt>
File: Untitled-005.pdf Graphic file (type pdf)
<use Untitled-005.pdf>
Package pdftex.def Info: Untitled-005.pdf  used on input line 129.
(pdftex.def)             Requested size: 433.62166pt x 433.6454pt.
 [4pdfTeX warning (ext4): destination with the same identifier (name{figure.2})
 has been already used, duplicate ignored
<argument> ...shipout:D \box_use:N \l_shipout_box 
                                                  
l.132 A
       s we can see we have almost equal distribution of man and women in su...
 <./Untitled-003.pdf>] [5pdfTeX warning (ext4): destination with the same ident
ifier (name{figure.3}) has been already used, duplicate ignored
<argument> ...shipout:D \box_use:N \l_shipout_box 
                                                  
l.158 \end{Soutput}
                    <./Untitled-005.pdf>] [6]
<Untitled-012.pdf, id=223, 433.62pt x 433.62pt>
File: Untitled-012.pdf Graphic file (type pdf)
<use Untitled-012.pdf>
Package pdftex.def Info: Untitled-012.pdf  used on input line 258.
(pdftex.def)             Requested size: 433.62166pt x 433.6454pt.
<Untitled-013.pdf, id=224, 433.62pt x 433.62pt>
File: Untitled-013.pdf Graphic file (type pdf)
<use Untitled-013.pdf>
Package pdftex.def Info: Untitled-013.pdf  used on input line 263.
(pdftex.def)             Requested size: 433.62166pt x 433.6454pt.
 [7pdfTeX warning (ext4): destination with the same identifier (name{figure.4})
 has been already used, duplicate ignored
<argument> ...shipout:D \box_use:N \l_shipout_box 
                                                  
l.266 
       <./Untitled-012.pdf>]
<Untitled-014.pdf, id=238, 433.62pt x 433.62pt>
File: Untitled-014.pdf Graphic file (type pdf)
<use Untitled-014.pdf>
Package pdftex.def Info: Untitled-014.pdf  used on input line 268.
(pdftex.def)             Requested size: 433.62166pt x 433.6454pt.
 [8pdfTeX warning (ext4): destination with the same identifier (name{figure.5})
 has been already used, duplicate ignored
<argument> ...shipout:D \box_use:N \l_shipout_box 
                                                  
l.271 
       <./Untitled-013.pdf>] [9pdfTeX warning (ext4): destination with the same
 identifier (name{figure.6}) has been already used, duplicate ignored
<argument> ...shipout:D \box_use:N \l_shipout_box 
                                                  
l.305 \begin{Soutput}
                      <./Untitled-014.pdf>]
<Untitled-020.pdf, id=265, 433.62pt x 433.62pt>
File: Untitled-020.pdf Graphic file (type pdf)
<use Untitled-020.pdf>
Package pdftex.def Info: Untitled-020.pdf  used on input line 330.
(pdftex.def)             Requested size: 433.62166pt x 433.6454pt.
<Untitled-021.pdf, id=266, 433.62pt x 433.62pt>
File: Untitled-021.pdf Graphic file (type pdf)
<use Untitled-021.pdf>
Package pdftex.def Info: Untitled-021.pdf  used on input line 335.
(pdftex.def)             Requested size: 433.62166pt x 433.6454pt.
 [10pdfTeX warning (ext4): destination with the same identifier (name{figure.7}
) has been already used, duplicate ignored
<argument> ...shipout:D \box_use:N \l_shipout_box 
                                                  
l.338 
       <./Untitled-020.pdf>]
<Untitled-022.pdf, id=280, 433.62pt x 433.62pt>
File: Untitled-022.pdf Graphic file (type pdf)
<use Untitled-022.pdf>
Package pdftex.def Info: Untitled-022.pdf  used on input line 340.
(pdftex.def)             Requested size: 433.62166pt x 433.6454pt.
 [11pdfTeX warning (ext4): destination with the same identifier (name{figure.8}
) has been already used, duplicate ignored
<argument> ...shipout:D \box_use:N \l_shipout_box 
                                                  
l.343 
       <./Untitled-021.pdf>]
<Untitled-023.pdf, id=291, 433.62pt x 433.62pt>
File: Untitled-023.pdf Graphic file (type pdf)
<use Untitled-023.pdf>
Package pdftex.def Info: Untitled-023.pdf  used on input line 358.
(pdftex.def)             Requested size: 433.62166pt x 433.6454pt.
 [12pdfTeX warning (ext4): destination with the same identifier (name{figure.9}
) has been already used, duplicate ignored
<argument> ...shipout:D \box_use:N \l_shipout_box 
                                                  
l.361 
       <./Untitled-022.pdf>]
<Untitled-024.pdf, id=305, 433.62pt x 433.62pt>
File: Untitled-024.pdf Graphic file (type pdf)
<use Untitled-024.pdf>
Package pdftex.def Info: Untitled-024.pdf  used on input line 365.
(pdftex.def)             Requested size: 433.62166pt x 433.6454pt.
 [13pdfTeX warning (ext4): destination with the same identifier (name{figure.10
}) has been already used, duplicate ignored
<argument> ...shipout:D \box_use:N \l_shipout_box 
                                                  
l.368 
       <./Untitled-023.pdf>]
<Untitled-025.pdf, id=322, 433.62pt x 433.62pt>
File: Untitled-025.pdf Graphic file (type pdf)
<use Untitled-025.pdf>
Package pdftex.def Info: Untitled-025.pdf  used on input line 375.
(pdftex.def)             Requested size: 433.62166pt x 433.6454pt.
 [14pdfTeX warning (ext4): destination with the same identifier (name{figure.11
}) has been already used, duplicate ignored
<argument> ...shipout:D \box_use:N \l_shipout_box 
                                                  
l.378 
       <./Untitled-024.pdf>] [15pdfTeX warning (ext4): destination with the sam
e identifier (name{figure.12}) has been already used, duplicate ignored
<argument> ...shipout:D \box_use:N \l_shipout_box 
                                                  
l.412 \begin{Soutput}
                      <./Untitled-025.pdf>]
<Untitled-031.pdf, id=349, 433.62pt x 433.62pt>
File: Untitled-031.pdf Graphic file (type pdf)
<use Untitled-031.pdf>
Package pdftex.def Info: Untitled-031.pdf  used on input line 437.
(pdftex.def)             Requested size: 433.62166pt x 433.6454pt.
<Untitled-032.pdf, id=350, 433.62pt x 433.62pt>
File: Untitled-032.pdf Graphic file (type pdf)
<use Untitled-032.pdf>
Package pdftex.def Info: Untitled-032.pdf  used on input line 442.
(pdftex.def)             Requested size: 433.62166pt x 433.6454pt.
 [16pdfTeX warning (ext4): destination with the same identifier (name{figure.13
}) has been already used, duplicate ignored
<argument> ...shipout:D \box_use:N \l_shipout_box 
                                                  
l.445 
       <./Untitled-031.pdf>]
<Untitled-033.pdf, id=364, 433.62pt x 433.62pt>
File: Untitled-033.pdf Graphic file (type pdf)
<use Untitled-033.pdf>
Package pdftex.def Info: Untitled-033.pdf  used on input line 447.
(pdftex.def)             Requested size: 433.62166pt x 433.6454pt.
 [17pdfTeX warning (ext4): destination with the same identifier (name{figure.14
}) has been already used, duplicate ignored
<argument> ...shipout:D \box_use:N \l_shipout_box 
                                                  
l.450 
       <./Untitled-032.pdf>] [18pdfTeX warning (ext4): destination with the sam
e identifier (name{figure.15}) has been already used, duplicate ignored
<argument> ...shipout:D \box_use:N \l_shipout_box 
                                                  
l.475   \item C
               ontinuous <./Untitled-033.pdf>]
Underfull \hbox (badness 10000) in paragraph at lines 482--484

 []


Underfull \hbox (badness 10000) in paragraph at lines 502--505

 []

<Untitled-036.pdf, id=391, 433.62pt x 433.62pt>
File: Untitled-036.pdf Graphic file (type pdf)
<use Untitled-036.pdf>
Package pdftex.def Info: Untitled-036.pdf  used on input line 529.
(pdftex.def)             Requested size: 433.62166pt x 433.6454pt.
[19]
<Untitled-038.pdf, id=397, 433.62pt x 433.62pt>
File: Untitled-038.pdf Graphic file (type pdf)
<use Untitled-038.pdf>
Package pdftex.def Info: Untitled-038.pdf  used on input line 546.
(pdftex.def)             Requested size: 433.62166pt x 433.6454pt.
 [20pdfTeX warning (ext4): destination with the same identifier (name{figure.16
}) has been already used, duplicate ignored
<argument> ...shipout:D \box_use:N \l_shipout_box 
                                                  
l.549 
       <./Untitled-036.pdf>] [21pdfTeX warning (ext4): destination with the sam
e identifier (name{figure.17}) has been already used, duplicate ignored
<argument> ...shipout:D \box_use:N \l_shipout_box 
                                                  
l.585   \item \textbf
                     {Independent} - OK <./Untitled-038.pdf>]
<Untitled-042.pdf, id=423, 433.62pt x 433.62pt>
File: Untitled-042.pdf Graphic file (type pdf)
<use Untitled-042.pdf>
Package pdftex.def Info: Untitled-042.pdf  used on input line 645.
(pdftex.def)             Requested size: 433.62166pt x 433.6454pt.
 [22]
<Untitled-043.pdf, id=429, 433.62pt x 433.62pt>
File: Untitled-043.pdf Graphic file (type pdf)
<use Untitled-043.pdf>
Package pdftex.def Info: Untitled-043.pdf  used on input line 650.
(pdftex.def)             Requested size: 433.62166pt x 433.6454pt.
 [23pdfTeX warning (ext4): destination with the same identifier (name{figure.18
}) has been already used, duplicate ignored
<argument> ...shipout:D \box_use:N \l_shipout_box 
                                                  
l.653 
       <./Untitled-042.pdf>]
<Untitled-044.pdf, id=440, 433.62pt x 433.62pt>
File: Untitled-044.pdf Graphic file (type pdf)
<use Untitled-044.pdf>
Package pdftex.def Info: Untitled-044.pdf  used on input line 664.
(pdftex.def)             Requested size: 433.62166pt x 433.6454pt.
 [24pdfTeX warning (ext4): destination with the same identifier (name{figure.19
}) has been already used, duplicate ignored
<argument> ...shipout:D \box_use:N \l_shipout_box 
                                                  
l.667 
       <./Untitled-043.pdf>]
<Untitled-045.pdf, id=452, 433.62pt x 433.62pt>
File: Untitled-045.pdf Graphic file (type pdf)
<use Untitled-045.pdf>
Package pdftex.def Info: Untitled-045.pdf  used on input line 675.
(pdftex.def)             Requested size: 433.62166pt x 433.6454pt.
 [25pdfTeX warning (ext4): destination with the same identifier (name{figure.20
}) has been already used, duplicate ignored
<argument> ...shipout:D \box_use:N \l_shipout_box 
                                                  
l.678 
       <./Untitled-044.pdf>]
<Untitled-046.pdf, id=469, 433.62pt x 433.62pt>
File: Untitled-046.pdf Graphic file (type pdf)
<use Untitled-046.pdf>
Package pdftex.def Info: Untitled-046.pdf  used on input line 685.
(pdftex.def)             Requested size: 433.62166pt x 433.6454pt.
 [26pdfTeX warning (ext4): destination with the same identifier (name{figure.21
}) has been already used, duplicate ignored
<argument> ...shipout:D \box_use:N \l_shipout_box 
                                                  
l.688 
       <./Untitled-045.pdf>]
<Untitled-047.pdf, id=484, 433.62pt x 433.62pt>
File: Untitled-047.pdf Graphic file (type pdf)
<use Untitled-047.pdf>
Package pdftex.def Info: Untitled-047.pdf  used on input line 694.
(pdftex.def)             Requested size: 433.62166pt x 433.6454pt.
 [27pdfTeX warning (ext4): destination with the same identifier (name{figure.22
}) has been already used, duplicate ignored
<argument> ...shipout:D \box_use:N \l_shipout_box 
                                                  
l.697 
       <./Untitled-046.pdf>]
<Untitled-048.pdf, id=495, 433.62pt x 433.62pt>
File: Untitled-048.pdf Graphic file (type pdf)
<use Untitled-048.pdf>
Package pdftex.def Info: Untitled-048.pdf  used on input line 701.
(pdftex.def)             Requested size: 433.62166pt x 433.6454pt.
 [28pdfTeX warning (ext4): destination with the same identifier (name{figure.23
}) has been already used, duplicate ignored
<argument> ...shipout:D \box_use:N \l_shipout_box 
                                                  
l.704 
       <./Untitled-047.pdf>]
<Untitled-049.pdf, id=506, 433.62pt x 433.62pt>
File: Untitled-049.pdf Graphic file (type pdf)
<use Untitled-049.pdf>
Package pdftex.def Info: Untitled-049.pdf  used on input line 718.
(pdftex.def)             Requested size: 433.62166pt x 433.6454pt.
 [29pdfTeX warning (ext4): destination with the same identifier (name{figure.24
}) has been already used, duplicate ignored
<argument> ...shipout:D \box_use:N \l_shipout_box 
                                                  
l.721 
       <./Untitled-048.pdf>]
<Untitled-050.pdf, id=517, 433.62pt x 433.62pt>
File: Untitled-050.pdf Graphic file (type pdf)
<use Untitled-050.pdf>
Package pdftex.def Info: Untitled-050.pdf  used on input line 728.
(pdftex.def)             Requested size: 433.62166pt x 433.6454pt.
 [30pdfTeX warning (ext4): destination with the same identifier (name{figure.25
}) has been already used, duplicate ignored
<argument> ...shipout:D \box_use:N \l_shipout_box 
                                                  
l.732 
       <./Untitled-049.pdf>] [31pdfTeX warning (ext4): destination with the sam
e identifier (name{figure.26}) has been already used, duplicate ignored
<argument> ...shipout:D \box_use:N \l_shipout_box 
                                                  
l.772 Residuals:
                 <./Untitled-050.pdf>]
LaTeX Font Info:    Font shape `TS1/aett/m/n' in size <10> not available
(Font)              Font shape `TS1/cmtt/m/n' tried instead on input line 785.
 [32]
<Untitled-055.pdf, id=549, 433.62pt x 433.62pt>
File: Untitled-055.pdf Graphic file (type pdf)
<use Untitled-055.pdf>
Package pdftex.def Info: Untitled-055.pdf  used on input line 889.
(pdftex.def)             Requested size: 433.62166pt x 433.6454pt.
 [33] [34pdfTeX warning (ext4): destination with the same identifier (name{figu
re.27}) has been already used, duplicate ignored
<argument> ...shipout:D \box_use:N \l_shipout_box 
                                                  
l.917 ... median  trimmed    mad      min      max
                                                   <./Untitled-055.pdf>]
<Untitled-058.pdf, id=565, 433.62pt x 433.62pt>
File: Untitled-058.pdf Graphic file (type pdf)
<use Untitled-058.pdf>
Package pdftex.def Info: Untitled-058.pdf  used on input line 976.
(pdftex.def)             Requested size: 433.62166pt x 433.6454pt.

[35]
<Untitled-059.pdf, id=570, 433.62pt x 433.62pt>
File: Untitled-059.pdf Graphic file (type pdf)
<use Untitled-059.pdf>
Package pdftex.def Info: Untitled-059.pdf  used on input line 1001.
(pdftex.def)             Requested size: 433.62166pt x 433.6454pt.
 [36pdfTeX warning (ext4): destination with the same identifier (name{figure.28
}) has been already used, duplicate ignored
<argument> ...shipout:D \box_use:N \l_shipout_box 
                                                  
l.1004 
        <./Untitled-058.pdf>]
<Untitled-060.pdf, id=582, 433.62pt x 433.62pt>
File: Untitled-060.pdf Graphic file (type pdf)
<use Untitled-060.pdf>
Package pdftex.def Info: Untitled-060.pdf  used on input line 1006.
(pdftex.def)             Requested size: 433.62166pt x 433.6454pt.
 [37pdfTeX warning (ext4): destination with the same identifier (name{figure.29
}) has been already used, duplicate ignored
<argument> ...shipout:D \box_use:N \l_shipout_box 
                                                  
l.1009 
        <./Untitled-059.pdf>]
<Untitled-061.pdf, id=594, 433.62pt x 433.62pt>
File: Untitled-061.pdf Graphic file (type pdf)
<use Untitled-061.pdf>
Package pdftex.def Info: Untitled-061.pdf  used on input line 1011.
(pdftex.def)             Requested size: 433.62166pt x 433.6454pt.
 [38pdfTeX warning (ext4): destination with the same identifier (name{figure.30
}) has been already used, duplicate ignored
<argument> ...shipout:D \box_use:N \l_shipout_box 
                                                  
l.1014 
        <./Untitled-060.pdf>]
<Untitled-062.pdf, id=605, 433.62pt x 433.62pt>
File: Untitled-062.pdf Graphic file (type pdf)
<use Untitled-062.pdf>
Package pdftex.def Info: Untitled-062.pdf  used on input line 1017.
(pdftex.def)             Requested size: 433.62166pt x 433.6454pt.
 [39pdfTeX warning (ext4): destination with the same identifier (name{figure.31
}) has been already used, duplicate ignored
<argument> ...shipout:D \box_use:N \l_shipout_box 
                                                  
l.1020 
        <./Untitled-061.pdf>] [40pdfTeX warning (ext4): destination with the sa
me identifier (name{figure.32}) has been already used, duplicate ignored
<argument> ...shipout:D \box_use:N \l_shipout_box 
                                                  
l.1049 ---
           <./Untitled-062.pdf>]
<Untitled-064.pdf, id=626, 433.62pt x 433.62pt>
File: Untitled-064.pdf Graphic file (type pdf)
<use Untitled-064.pdf>
Package pdftex.def Info: Untitled-064.pdf  used on input line 1059.
(pdftex.def)             Requested size: 433.62166pt x 433.6454pt.
<Untitled-065.pdf, id=627, 433.62pt x 433.62pt>
File: Untitled-065.pdf Graphic file (type pdf)
<use Untitled-065.pdf>
Package pdftex.def Info: Untitled-065.pdf  used on input line 1065.
(pdftex.def)             Requested size: 433.62166pt x 433.6454pt.
 [41pdfTeX warning (ext4): destination with the same identifier (name{figure.33
}) has been already used, duplicate ignored
<argument> ...shipout:D \box_use:N \l_shipout_box 
                                                  
l.1068 
        <./Untitled-064.pdf>]
<Untitled-066.pdf, id=638, 433.62pt x 433.62pt>
File: Untitled-066.pdf Graphic file (type pdf)
<use Untitled-066.pdf>
Package pdftex.def Info: Untitled-066.pdf  used on input line 1070.
(pdftex.def)             Requested size: 433.62166pt x 433.6454pt.
 [42pdfTeX warning (ext4): destination with the same identifier (name{figure.34
}) has been already used, duplicate ignored
<argument> ...shipout:D \box_use:N \l_shipout_box 
                                                  
l.1073 
        <./Untitled-065.pdf>]
<Untitled-067.pdf, id=649, 433.62pt x 433.62pt>
File: Untitled-067.pdf Graphic file (type pdf)
<use Untitled-067.pdf>
Package pdftex.def Info: Untitled-067.pdf  used on input line 1075.
(pdftex.def)             Requested size: 433.62166pt x 433.6454pt.
 [43pdfTeX warning (ext4): destination with the same identifier (name{figure.35
}) has been already used, duplicate ignored
<argument> ...shipout:D \box_use:N \l_shipout_box 
                                                  
l.1078 
        <./Untitled-066.pdf>]
<Untitled-068.pdf, id=661, 433.62pt x 433.62pt>
File: Untitled-068.pdf Graphic file (type pdf)
<use Untitled-068.pdf>
Package pdftex.def Info: Untitled-068.pdf  used on input line 1081.
(pdftex.def)             Requested size: 433.62166pt x 433.6454pt.
 [44pdfTeX warning (ext4): destination with the same identifier (name{figure.36
}) has been already used, duplicate ignored
<argument> ...shipout:D \box_use:N \l_shipout_box 
                                                  
l.1084 
        <./Untitled-067.pdf>] [45pdfTeX warning (ext4): destination with the sa
me identifier (name{figure.37}) has been already used, duplicate ignored
<argument> ...shipout:D \box_use:N \l_shipout_box 
                                                  
l.1107 \end{document}
                      <./Untitled-068.pdf>] (Untitled.aux)
Package rerunfilecheck Info: File `Untitled.out' has not changed.
(rerunfilecheck)             Checksum: 33ECA53AAC3E79171C07BBCC8D91A110;1671.
 ) 
Here is how much of TeX's memory you used:
 10860 strings out of 479618
 195233 string characters out of 2874896
 644346 words of memory out of 3000000
 27632 multiletter control sequences out of 15000+200000
 439287 words of font info for 112 fonts, out of 3000000 for 9000
 1141 hyphenation exceptions out of 8191
 83i,8n,88p,332b,892s stack positions out of 5000i,500n,10000p,200000b,50000s
 <C:\Users\Dzmitry\AppData\Local\MiKTeX\fonts/pk/ljfour/jknappen/ec/dpi600\tc
tt1000.pk> <C:\Users\Dzmitry\AppData\Local\MiKTeX\fonts/pk/ljfour/jknappen/ec/d
pi600\tcst1000.pk> <C:\Users\Dzmitry\AppData\Local\MiKTeX\fonts/pk/ljfour/jknap
pen/ec/dpi600\tcrm1000.pk><C:/Program Files/MiKTeX/fonts/type1/public/amsfonts/
cm/cmb10.pfb><C:/Program Files/MiKTeX/fonts/type1/public/amsfonts/cm/cmbsy10.pf
b><C:/Program Files/MiKTeX/fonts/type1/public/amsfonts/cm/cmex10.pfb><C:/Progra
m Files/MiKTeX/fonts/type1/public/amsfonts/cm/cmmi10.pfb><C:/Program Files/MiKT
eX/fonts/type1/public/amsfonts/cm/cmmi7.pfb><C:/Program Files/MiKTeX/fonts/type
1/public/amsfonts/cm/cmmib10.pfb><C:/Program Files/MiKTeX/fonts/type1/public/am
sfonts/cm/cmr10.pfb><C:/Program Files/MiKTeX/fonts/type1/public/amsfonts/cm/cmr
12.pfb><C:/Program Files/MiKTeX/fonts/type1/public/amsfonts/cm/cmr17.pfb><C:/Pr
ogram Files/MiKTeX/fonts/type1/public/amsfonts/cm/cmr5.pfb><C:/Program Files/Mi
KTeX/fonts/type1/public/amsfonts/cm/cmr7.pfb><C:/Program Files/MiKTeX/fonts/typ
e1/public/amsfonts/cm/cmr8.pfb><C:/Program Files/MiKTeX/fonts/type1/public/amsf
onts/cm/cmsltt10.pfb><C:/Program Files/MiKTeX/fonts/type1/public/amsfonts/cm/cm
sy10.pfb><C:/Program Files/MiKTeX/fonts/type1/public/amsfonts/cm/cmti10.pfb><C:
/Program Files/MiKTeX/fonts/type1/public/amsfonts/cm/cmti12.pfb><C:/Program Fil
es/MiKTeX/fonts/type1/public/amsfonts/cm/cmtt10.pfb>
Output written on Untitled.pdf (45 pages, 2177105 bytes).
PDF statistics:
 784 PDF objects out of 1000 (max. 8388607)
 145 named destinations out of 1000 (max. 500000)
 406 words of extra memory for PDF output out of 10000 (max. 10000000)

